#
# A fatal error has been detected by the Java Runtime Environment:
#
#  SIGSEGV (0xb) at pc=0x0000000104c1557f, pid=34481, tid=0x0000000000007103
#
# JRE version: OpenJDK Runtime Environment (8.0_312) (build 1.8.0_312-bre_2021_10_21_00_49-b00)
# Java VM: OpenJDK 64-Bit Server VM (25.312-b00 mixed mode bsd-amd64 compressed oops)
# Problematic frame:
# V  [libjvm.dylib+0x56957f]  Unsafe_SetByte+0xd2
#
# Failed to write core dump. Core dumps have been disabled. To enable core dumping, try "ulimit -c unlimited" before starting Java again
#
# If you would like to submit a bug report, please visit:
#   https://github.com/Homebrew/homebrew-core/issues
#

---------------  T H R E A D  ---------------

Current thread (0x00007f7eaa2f4000):  JavaThread "AsyncHttpClient-1-2" daemon [_thread_in_vm, id=28931, stack(0x000070000564f000,0x000070000574f000)]

siginfo: si_signo: 11 (SIGSEGV), si_code: 1 (SEGV_MAPERR), si_addr: 0x0000000000000000

Registers:
RAX=0x0000000104db0260, RBX=0x00007f7eaa2f4000, RCX=0x00007f7eb0832005, RDX=0x0000000000000000
RSP=0x000070000574d250, RBP=0x000070000574d280, RSI=0x000070000574d340, RDI=0x00007f7eaa2f4250
R8 =0x000000000000002f, R9 =0x0000000000000000, R10=0x00000001050683db, R11=0x0000000104b9538f
R12=0x0000000000000000, R13=0x000000011d0cee68, R14=0x000000000000002f, R15=0x00007f7eb0832005
RIP=0x0000000104c1557f, EFLAGS=0x0000000000010246, ERR=0x0000000000000004
  TRAPNO=0x000000000000000e

Top of Stack: (sp=0x000070000574d250)
0x000070000574d250:   00007f7eaa2f4000 00007f7eaa2f4000
0x000070000574d260:   000000011d0cee68 0000000000000000
0x000070000574d270:   000070000574d340 00007f7eaa2f4000
0x000070000574d280:   000070000574d300 0000000105068407
0x000070000574d290:   000000011d0cee68 00007f7eaa2f4000
0x000070000574d2a0:   000070000574d2c0 0000000104afb3c8
0x000070000574d2b0:   000000011fbfb750 00007f7eaa2f4000
0x000070000574d2c0:   000070000574d2c0 0000000000000000
0x000070000574d2d0:   000070000574d340 000000011d0fec58
0x000070000574d2e0:   0000000000000000 000000011d0cee68
0x000070000574d2f0:   0000000000000000 000070000574d320
0x000070000574d300:   000070000574d388 0000000105057ffd
0x000070000574d310:   0000000000000000 0000000105061a58
0x000070000574d320:   000000000000002f 00007f7eb0832005
0x000070000574d330:   000070000574d388 0000000000000000
0x000070000574d340:   00000006c002b4e8 000070000574d348
0x000070000574d350:   000000011fbfb71e 000070000574d3b0
0x000070000574d360:   000000011fbfe338 0000000000000000
0x000070000574d370:   000000011fbfb750 000070000574d320
0x000070000574d380:   000070000574d398 000070000574d3f8
0x000070000574d390:   0000000105057ffd 000000000000002f
0x000070000574d3a0:   00007f7eb0832005 0000000105063507
0x000070000574d3b0:   0000000000000000 000070000574d3b8
0x000070000574d3c0:   000000011fbbcc3b 000070000574d420
0x000070000574d3d0:   000000011fbf5a70 0000000000000000
0x000070000574d3e0:   000000011fbbcc70 000070000574d398
0x000070000574d3f0:   000070000574d408 000070000574d468
0x000070000574d400:   0000000105057ffd 000000000000002f
0x000070000574d410:   00007f7eb0832005 0000000000000000
0x000070000574d420:   0000000000000000 000070000574d428
0x000070000574d430:   000000011ff3f5b9 000070000574d4e8
0x000070000574d440:   000000011ff60dd0 0000000000000000 

Instructions: (pc=0x0000000104c1557f)
0x0000000104c1555f:   00 30 74 08 48 89 df e8 4d 96 fe ff c7 83 c8 02
0x0000000104c1556f:   00 00 06 00 00 00 48 89 5d d8 41 f6 c4 01 75 06
0x0000000104c1557f:   49 8b 04 24 eb 08 4c 89 e7 e8 55 23 dd ff 46 88
0x0000000104c1558f:   34 38 48 8d 7d d8 e8 8e ae d9 ff 48 8d 7d d0 e8 

Register to memory mapping:

RAX=0x0000000104db0260: _ZN20SafepointSynchronize6_stateE+0 in /usr/local/Cellar/openjdk@8/1.8.0+312/libexec/openjdk.jdk/Contents/Home/jre/lib/server/libjvm.dylib at 0x00000001046ac000
RBX=0x00007f7eaa2f4000 is a thread
RCX=0x00007f7eb0832005 is an unknown value
RDX=0x0000000000000000 is an unknown value
RSP=0x000070000574d250 is pointing into the stack for thread: 0x00007f7eaa2f4000
RBP=0x000070000574d280 is pointing into the stack for thread: 0x00007f7eaa2f4000
RSI=0x000070000574d340 is pointing into the stack for thread: 0x00007f7eaa2f4000
RDI=0x00007f7eaa2f4250 is an unknown value
R8 =0x000000000000002f is an unknown value
R9 =0x0000000000000000 is an unknown value
R10=0x00000001050683db is at code_begin+859 in an Interpreter codelet
method entry point (kind = native)  [0x0000000105068080, 0x0000000105068a00]  2432 bytes
R11=0x0000000104b9538f: throw_unsatisfied_link_error+0 in /usr/local/Cellar/openjdk@8/1.8.0+312/libexec/openjdk.jdk/Contents/Home/jre/lib/server/libjvm.dylib at 0x00000001046ac000
R12=0x0000000000000000 is an unknown value
R13={method} {0x000000011d0cee68} 'putByte' '(Ljava/lang/Object;JB)V' in 'sun/misc/Unsafe'
R14=0x000000000000002f is an unknown value
R15=0x00007f7eb0832005 is an unknown value


Stack: [0x000070000564f000,0x000070000574f000],  sp=0x000070000574d250,  free space=1016k
Native frames: (J=compiled Java code, j=interpreted, Vv=VM code, C=native code)
V  [libjvm.dylib+0x56957f]  Unsafe_SetByte+0xd2
j  sun.misc.Unsafe.putByte(Ljava/lang/Object;JB)V+0
j  io.netty.util.internal.PlatformDependent0.putByte(Ljava/lang/Object;JB)V+6
j  io.netty.util.internal.PlatformDependent.putByte(Ljava/lang/Object;JB)V+3
j  io.netty.buffer.ByteBufUtil.unsafeWriteUtf8([BJILjava/lang/CharSequence;II)I+73
j  io.netty.buffer.ByteBufUtil.writeUtf8(Lio/netty/buffer/AbstractByteBuf;IILjava/lang/CharSequence;II)I+79
j  io.netty.buffer.ByteBufUtil.writeUtf8(Lio/netty/buffer/AbstractByteBuf;IILjava/lang/CharSequence;I)I+7
j  io.netty.buffer.AbstractByteBuf.setCharSequence0(ILjava/lang/CharSequence;Ljava/nio/charset/Charset;Z)I+55
j  io.netty.buffer.AbstractByteBuf.writeCharSequence(Ljava/lang/CharSequence;Ljava/nio/charset/Charset;)I+8
j  io.netty.handler.codec.http.HttpRequestEncoder.encodeInitialLine(Lio/netty/buffer/ByteBuf;Lio/netty/handler/codec/http/HttpRequest;)V+144
j  io.netty.handler.codec.http.HttpRequestEncoder.encodeInitialLine(Lio/netty/buffer/ByteBuf;Lio/netty/handler/codec/http/HttpMessage;)V+6
j  io.netty.handler.codec.http.HttpObjectEncoder.encode(Lio/netty/channel/ChannelHandlerContext;Ljava/lang/Object;Ljava/util/List;)V+88
j  io.netty.handler.codec.http.HttpClientCodec$Encoder.encode(Lio/netty/channel/ChannelHandlerContext;Ljava/lang/Object;Ljava/util/List;)V+52
j  io.netty.handler.codec.MessageToMessageEncoder.write(Lio/netty/channel/ChannelHandlerContext;Ljava/lang/Object;Lio/netty/channel/ChannelPromise;)V+25
j  io.netty.channel.CombinedChannelDuplexHandler.write(Lio/netty/channel/ChannelHandlerContext;Ljava/lang/Object;Lio/netty/channel/ChannelPromise;)V+45
j  io.netty.channel.AbstractChannelHandlerContext.invokeWrite0(Ljava/lang/Object;Lio/netty/channel/ChannelPromise;)V+10
j  io.netty.channel.AbstractChannelHandlerContext.invokeWrite(Ljava/lang/Object;Lio/netty/channel/ChannelPromise;)V+10
j  io.netty.channel.AbstractChannelHandlerContext.write(Ljava/lang/Object;ZLio/netty/channel/ChannelPromise;)V+101
j  io.netty.channel.AbstractChannelHandlerContext.write(Ljava/lang/Object;Lio/netty/channel/ChannelPromise;)Lio/netty/channel/ChannelFuture;+4
j  io.netty.handler.stream.ChunkedWriteHandler.doFlush(Lio/netty/channel/ChannelHandlerContext;)V+369
j  io.netty.handler.stream.ChunkedWriteHandler.flush(Lio/netty/channel/ChannelHandlerContext;)V+2
j  io.netty.channel.AbstractChannelHandlerContext.invokeFlush0()V+8
j  io.netty.channel.AbstractChannelHandlerContext.invokeWriteAndFlush(Ljava/lang/Object;Lio/netty/channel/ChannelPromise;)V+14
j  io.netty.channel.AbstractChannelHandlerContext.write(Ljava/lang/Object;ZLio/netty/channel/ChannelPromise;)V+90
j  io.netty.channel.AbstractChannelHandlerContext.writeAndFlush(Ljava/lang/Object;Lio/netty/channel/ChannelPromise;)Lio/netty/channel/ChannelFuture;+4
j  io.netty.channel.DefaultChannelPipeline.writeAndFlush(Ljava/lang/Object;Lio/netty/channel/ChannelPromise;)Lio/netty/channel/ChannelFuture;+6
j  io.netty.channel.AbstractChannel.writeAndFlush(Ljava/lang/Object;Lio/netty/channel/ChannelPromise;)Lio/netty/channel/ChannelFuture;+6
j  org.asynchttpclient.netty.request.body.NettyInputStreamBody.write(Lio/netty/channel/Channel;Lorg/asynchttpclient/netty/NettyResponseFuture;)V+93
j  org.asynchttpclient.netty.request.NettyRequestSender.writeRequest(Lorg/asynchttpclient/netty/NettyResponseFuture;Lio/netty/channel/Channel;)V+209
j  org.asynchttpclient.netty.channel.NettyConnectListener.writeRequest(Lio/netty/channel/Channel;)V+101
j  org.asynchttpclient.netty.channel.NettyConnectListener.onSuccess(Lio/netty/channel/Channel;Ljava/net/InetSocketAddress;)V+232
j  org.asynchttpclient.netty.channel.NettyChannelConnector$1.onSuccess(Lio/netty/channel/Channel;)V+51
j  org.asynchttpclient.netty.SimpleChannelFutureListener.operationComplete(Lio/netty/channel/ChannelFuture;)V+18
j  org.asynchttpclient.netty.SimpleChannelFutureListener.operationComplete(Lio/netty/util/concurrent/Future;)V+5
j  io.netty.util.concurrent.DefaultPromise.notifyListener0(Lio/netty/util/concurrent/Future;Lio/netty/util/concurrent/GenericFutureListener;)V+2
j  io.netty.util.concurrent.DefaultPromise.notifyListeners0(Lio/netty/util/concurrent/DefaultFutureListeners;)V+24
j  io.netty.util.concurrent.DefaultPromise.notifyListenersNow()V+58
j  io.netty.util.concurrent.DefaultPromise.notifyListeners()V+38
j  io.netty.util.concurrent.DefaultPromise.setValue0(Ljava/lang/Object;)Z+34
j  io.netty.util.concurrent.DefaultPromise.setSuccess0(Ljava/lang/Object;)Z+12
j  io.netty.util.concurrent.DefaultPromise.trySuccess(Ljava/lang/Object;)Z+2
j  io.netty.channel.DefaultChannelPromise.trySuccess()Z+2
j  io.netty.channel.nio.AbstractNioChannel$AbstractNioUnsafe.fulfillConnectPromise(Lio/netty/channel/ChannelPromise;Z)V+14
j  io.netty.channel.nio.AbstractNioChannel$AbstractNioUnsafe.finishConnect()V+51
j  io.netty.channel.nio.NioEventLoop.processSelectedKey(Ljava/nio/channels/SelectionKey;Lio/netty/channel/nio/AbstractNioChannel;)V+78
j  io.netty.channel.nio.NioEventLoop.processSelectedKeysOptimized()V+51
j  io.netty.channel.nio.NioEventLoop.processSelectedKeys()V+8
j  io.netty.channel.nio.NioEventLoop.run()V+263
j  io.netty.util.concurrent.SingleThreadEventExecutor$4.run()V+44
j  io.netty.util.internal.ThreadExecutorMap$2.run()V+11
j  io.netty.util.concurrent.FastThreadLocalRunnable.run()V+4
j  java.lang.Thread.run()V+11
v  ~StubRoutines::call_stub
V  [libjvm.dylib+0x2cf987]  JavaCalls::call_helper(JavaValue*, methodHandle*, JavaCallArguments*, Thread*)+0x689
V  [libjvm.dylib+0x2ce7fa]  JavaCalls::call_virtual(JavaValue*, KlassHandle, Symbol*, Symbol*, JavaCallArguments*, Thread*)+0x148
V  [libjvm.dylib+0x2ce9db]  JavaCalls::call_virtual(JavaValue*, Handle, KlassHandle, Symbol*, Symbol*, Thread*)+0x57
V  [libjvm.dylib+0x34a993]  thread_entry(JavaThread*, Thread*)+0x78
V  [libjvm.dylib+0x5514f0]  JavaThread::thread_main_inner()+0x82
V  [libjvm.dylib+0x5513b5]  JavaThread::run()+0x169
V  [libjvm.dylib+0x487e13]  java_start(Thread*)+0xfa
C  [libsystem_pthread.dylib+0x6202]  _pthread_start+0x63
C  [libsystem_pthread.dylib+0x1bab]  thread_start+0xf
C  0x0000000000000000

Java frames: (J=compiled Java code, j=interpreted, Vv=VM code)
j  sun.misc.Unsafe.putByte(Ljava/lang/Object;JB)V+0
j  io.netty.util.internal.PlatformDependent0.putByte(Ljava/lang/Object;JB)V+6
j  io.netty.util.internal.PlatformDependent.putByte(Ljava/lang/Object;JB)V+3
j  io.netty.buffer.ByteBufUtil.unsafeWriteUtf8([BJILjava/lang/CharSequence;II)I+73
j  io.netty.buffer.ByteBufUtil.writeUtf8(Lio/netty/buffer/AbstractByteBuf;IILjava/lang/CharSequence;II)I+79
j  io.netty.buffer.ByteBufUtil.writeUtf8(Lio/netty/buffer/AbstractByteBuf;IILjava/lang/CharSequence;I)I+7
j  io.netty.buffer.AbstractByteBuf.setCharSequence0(ILjava/lang/CharSequence;Ljava/nio/charset/Charset;Z)I+55
j  io.netty.buffer.AbstractByteBuf.writeCharSequence(Ljava/lang/CharSequence;Ljava/nio/charset/Charset;)I+8
j  io.netty.handler.codec.http.HttpRequestEncoder.encodeInitialLine(Lio/netty/buffer/ByteBuf;Lio/netty/handler/codec/http/HttpRequest;)V+144
j  io.netty.handler.codec.http.HttpRequestEncoder.encodeInitialLine(Lio/netty/buffer/ByteBuf;Lio/netty/handler/codec/http/HttpMessage;)V+6
j  io.netty.handler.codec.http.HttpObjectEncoder.encode(Lio/netty/channel/ChannelHandlerContext;Ljava/lang/Object;Ljava/util/List;)V+88
j  io.netty.handler.codec.http.HttpClientCodec$Encoder.encode(Lio/netty/channel/ChannelHandlerContext;Ljava/lang/Object;Ljava/util/List;)V+52
j  io.netty.handler.codec.MessageToMessageEncoder.write(Lio/netty/channel/ChannelHandlerContext;Ljava/lang/Object;Lio/netty/channel/ChannelPromise;)V+25
j  io.netty.channel.CombinedChannelDuplexHandler.write(Lio/netty/channel/ChannelHandlerContext;Ljava/lang/Object;Lio/netty/channel/ChannelPromise;)V+45
j  io.netty.channel.AbstractChannelHandlerContext.invokeWrite0(Ljava/lang/Object;Lio/netty/channel/ChannelPromise;)V+10
j  io.netty.channel.AbstractChannelHandlerContext.invokeWrite(Ljava/lang/Object;Lio/netty/channel/ChannelPromise;)V+10
j  io.netty.channel.AbstractChannelHandlerContext.write(Ljava/lang/Object;ZLio/netty/channel/ChannelPromise;)V+101
j  io.netty.channel.AbstractChannelHandlerContext.write(Ljava/lang/Object;Lio/netty/channel/ChannelPromise;)Lio/netty/channel/ChannelFuture;+4
j  io.netty.handler.stream.ChunkedWriteHandler.doFlush(Lio/netty/channel/ChannelHandlerContext;)V+369
j  io.netty.handler.stream.ChunkedWriteHandler.flush(Lio/netty/channel/ChannelHandlerContext;)V+2
j  io.netty.channel.AbstractChannelHandlerContext.invokeFlush0()V+8
j  io.netty.channel.AbstractChannelHandlerContext.invokeWriteAndFlush(Ljava/lang/Object;Lio/netty/channel/ChannelPromise;)V+14
j  io.netty.channel.AbstractChannelHandlerContext.write(Ljava/lang/Object;ZLio/netty/channel/ChannelPromise;)V+90
j  io.netty.channel.AbstractChannelHandlerContext.writeAndFlush(Ljava/lang/Object;Lio/netty/channel/ChannelPromise;)Lio/netty/channel/ChannelFuture;+4
j  io.netty.channel.DefaultChannelPipeline.writeAndFlush(Ljava/lang/Object;Lio/netty/channel/ChannelPromise;)Lio/netty/channel/ChannelFuture;+6
j  io.netty.channel.AbstractChannel.writeAndFlush(Ljava/lang/Object;Lio/netty/channel/ChannelPromise;)Lio/netty/channel/ChannelFuture;+6
j  org.asynchttpclient.netty.request.body.NettyInputStreamBody.write(Lio/netty/channel/Channel;Lorg/asynchttpclient/netty/NettyResponseFuture;)V+93
j  org.asynchttpclient.netty.request.NettyRequestSender.writeRequest(Lorg/asynchttpclient/netty/NettyResponseFuture;Lio/netty/channel/Channel;)V+209
j  org.asynchttpclient.netty.channel.NettyConnectListener.writeRequest(Lio/netty/channel/Channel;)V+101
j  org.asynchttpclient.netty.channel.NettyConnectListener.onSuccess(Lio/netty/channel/Channel;Ljava/net/InetSocketAddress;)V+232
j  org.asynchttpclient.netty.channel.NettyChannelConnector$1.onSuccess(Lio/netty/channel/Channel;)V+51
j  org.asynchttpclient.netty.SimpleChannelFutureListener.operationComplete(Lio/netty/channel/ChannelFuture;)V+18
j  org.asynchttpclient.netty.SimpleChannelFutureListener.operationComplete(Lio/netty/util/concurrent/Future;)V+5
j  io.netty.util.concurrent.DefaultPromise.notifyListener0(Lio/netty/util/concurrent/Future;Lio/netty/util/concurrent/GenericFutureListener;)V+2
j  io.netty.util.concurrent.DefaultPromise.notifyListeners0(Lio/netty/util/concurrent/DefaultFutureListeners;)V+24
j  io.netty.util.concurrent.DefaultPromise.notifyListenersNow()V+58
j  io.netty.util.concurrent.DefaultPromise.notifyListeners()V+38
j  io.netty.util.concurrent.DefaultPromise.setValue0(Ljava/lang/Object;)Z+34
j  io.netty.util.concurrent.DefaultPromise.setSuccess0(Ljava/lang/Object;)Z+12
j  io.netty.util.concurrent.DefaultPromise.trySuccess(Ljava/lang/Object;)Z+2
j  io.netty.channel.DefaultChannelPromise.trySuccess()Z+2
j  io.netty.channel.nio.AbstractNioChannel$AbstractNioUnsafe.fulfillConnectPromise(Lio/netty/channel/ChannelPromise;Z)V+14
j  io.netty.channel.nio.AbstractNioChannel$AbstractNioUnsafe.finishConnect()V+51
j  io.netty.channel.nio.NioEventLoop.processSelectedKey(Ljava/nio/channels/SelectionKey;Lio/netty/channel/nio/AbstractNioChannel;)V+78
j  io.netty.channel.nio.NioEventLoop.processSelectedKeysOptimized()V+51
j  io.netty.channel.nio.NioEventLoop.processSelectedKeys()V+8
j  io.netty.channel.nio.NioEventLoop.run()V+263
j  io.netty.util.concurrent.SingleThreadEventExecutor$4.run()V+44
j  io.netty.util.internal.ThreadExecutorMap$2.run()V+11
j  io.netty.util.concurrent.FastThreadLocalRunnable.run()V+4
j  java.lang.Thread.run()V+11
v  ~StubRoutines::call_stub

---------------  P R O C E S S  ---------------

Java Threads: ( => current thread )
=>0x00007f7eaa2f4000 JavaThread "AsyncHttpClient-1-2" daemon [_thread_in_vm, id=28931, stack(0x000070000564f000,0x000070000574f000)]
  0x00007f7eab343800 JavaThread "Keep-Alive-Timer" daemon [_thread_blocked, id=29443, stack(0x000070000554c000,0x000070000564c000)]
  0x00007f7eabb12800 JavaThread "Exec Stream Pumper" daemon [_thread_in_native, id=24323, stack(0x0000700005449000,0x0000700005549000)]
  0x00007f7eabb0e000 JavaThread "Exec Stream Pumper" daemon [_thread_in_native, id=23811, stack(0x0000700005346000,0x0000700005446000)]
  0x00007f7eabb12000 JavaThread "process reaper" daemon [_thread_in_native, id=23555, stack(0x000070000531b000,0x0000700005343000)]
  0x00007f7eabb11000 JavaThread "UrlChecker-2" daemon [_thread_blocked, id=29955, stack(0x0000700005218000,0x0000700005318000)]
  0x00007f7eafbfa800 JavaThread "Driver Service Executor" daemon [_thread_blocked, id=30467, stack(0x0000700005115000,0x0000700005215000)]
  0x00007f7eafbeb000 JavaThread "Driver Service Executor" daemon [_thread_blocked, id=30979, stack(0x0000700005012000,0x0000700005112000)]
  0x00007f7eafbe0800 JavaThread "Exec Default Executor" daemon [_thread_blocked, id=31235, stack(0x0000700004f0f000,0x000070000500f000)]
  0x00007f7eab256800 JavaThread "AsyncHttpClient-1-1" daemon [_thread_blocked, id=31491, stack(0x0000700004e0c000,0x0000700004f0c000)]
  0x00007f7eafab8000 JavaThread "ForkJoinPool.commonPool-worker-1" daemon [_thread_blocked, id=31747, stack(0x0000700004d09000,0x0000700004e09000)]
  0x00007f7eac808800 JavaThread "ReaderThread" [_thread_in_native, id=32003, stack(0x0000700004c06000,0x0000700004d06000)]
  0x00007f7eab81b000 JavaThread "Service Thread" daemon [_thread_blocked, id=21763, stack(0x0000700004a00000,0x0000700004b00000)]
  0x00007f7eab074800 JavaThread "C1 CompilerThread3" daemon [_thread_blocked, id=19459, stack(0x00007000048fd000,0x00007000049fd000)]
  0x00007f7eab074000 JavaThread "C2 CompilerThread2" daemon [_thread_blocked, id=19203, stack(0x00007000047fa000,0x00007000048fa000)]
  0x00007f7eaa020800 JavaThread "C2 CompilerThread1" daemon [_thread_blocked, id=18947, stack(0x00007000046f7000,0x00007000047f7000)]
  0x00007f7eaa01f000 JavaThread "C2 CompilerThread0" daemon [_thread_blocked, id=18691, stack(0x00007000045f4000,0x00007000046f4000)]
  0x00007f7eaa01d000 JavaThread "Signal Dispatcher" daemon [_thread_blocked, id=20739, stack(0x00007000044f1000,0x00007000045f1000)]
  0x00007f7eaf80a800 JavaThread "Finalizer" daemon [_thread_blocked, id=13059, stack(0x00007000042e8000,0x00007000043e8000)]
  0x00007f7eaf008800 JavaThread "Reference Handler" daemon [_thread_blocked, id=12547, stack(0x00007000041e5000,0x00007000042e5000)]
  0x00007f7eab014000 JavaThread "Forwarding newSession on session null to remote" [_thread_blocked, id=5891, stack(0x00007000037c7000,0x00007000038c7000)]

Other Threads:
  0x00007f7eab05d800 VMThread [stack: 0x00007000040e2000,0x00007000041e2000] [id=13827]
  0x00007f7eab075800 WatcherThread [stack: 0x0000700004b03000,0x0000700004c03000] [id=22019]

VM state:not at safepoint (normal execution)

VM Mutex/Monitor currently owned by a thread: None

heap address: 0x00000006c0000000, size: 4096 MB, Compressed Oops mode: Zero based, Oop shift amount: 3
Narrow klass base: 0x0000000000000000, Narrow klass shift: 3
Compressed class space size: 1073741824 Address: 0x00000007c0000000

Heap:
 PSYoungGen      total 76288K, used 19737K [0x000000076ab00000, 0x0000000774000000, 0x00000007c0000000)
  eden space 65536K, 30% used [0x000000076ab00000,0x000000076be46688,0x000000076eb00000)
  from space 10752K, 0% used [0x000000076f580000,0x000000076f580000,0x0000000770000000)
  to   space 10752K, 0% used [0x000000076eb00000,0x000000076eb00000,0x000000076f580000)
 ParOldGen       total 112128K, used 7944K [0x00000006c0000000, 0x00000006c6d80000, 0x000000076ab00000)
  object space 112128K, 7% used [0x00000006c0000000,0x00000006c07c20e8,0x00000006c6d80000)
 Metaspace       used 22697K, capacity 23518K, committed 23808K, reserved 1069056K
  class space    used 3119K, capacity 3313K, committed 3328K, reserved 1048576K

Card table byte_map: [0x0000000114050000,0x0000000114851000] byte_map_base: 0x0000000110a50000

Marking Bits: (ParMarkBitMap*) 0x0000000104dafd08
 Begin Bits: [0x0000000114851000, 0x0000000118851000)
 End Bits:   [0x0000000118851000, 0x000000011c851000)

Polling page: 0x00000001037fb000

CodeCache: size=245760Kb used=5379Kb max_used=5395Kb free=240380Kb
 bounds [0x0000000105050000, 0x00000001055a0000, 0x0000000114050000]
 total_blobs=1971 nmethods=1538 adapters=346
 compilation: enabled

Compilation events (10 events):
Event: 1.684 Thread 0x00007f7eab074800 nmethod 1534 0x0000000105589ed0 code [0x000000010558a080, 0x000000010558a398]
Event: 1.685 Thread 0x00007f7eab074800 1536       3       java.lang.Boolean::valueOf (14 bytes)
Event: 1.685 Thread 0x00007f7eab074800 nmethod 1536 0x0000000105589b50 code [0x0000000105589cc0, 0x0000000105589e50]
Event: 1.688 Thread 0x00007f7eab074000 1537       4       java.util.zip.ZipCoder::toString (190 bytes)
Event: 1.689 Thread 0x00007f7eab074800 1538       3       java.lang.invoke.LambdaForm$MH/304354378::invoke_MT (34 bytes)
Event: 1.689 Thread 0x00007f7eab074800 nmethod 1538 0x000000010558bc10 code [0x000000010558be00, 0x000000010558cc78]
Event: 1.689 Thread 0x00007f7eab074800 1539       3       java.lang.invoke.LambdaMetafactory::metafactory (35 bytes)
Event: 1.690 Thread 0x00007f7eab074800 nmethod 1539 0x0000000105589590 code [0x0000000105589720, 0x0000000105589a28]
Event: 1.692 Thread 0x00007f7eaa01f000 nmethod 1512 0x0000000105592950 code [0x0000000105592d60, 0x0000000105595888]
Event: 1.692 Thread 0x00007f7eab074000 nmethod 1537 0x0000000105588650 code [0x0000000105588820, 0x0000000105588eb0]

GC Heap History (6 events):
Event: 0.872 GC heap before
{Heap before GC invocations=1 (full 0):
 PSYoungGen      total 76288K, used 65536K [0x000000076ab00000, 0x0000000770000000, 0x00000007c0000000)
  eden space 65536K, 100% used [0x000000076ab00000,0x000000076eb00000,0x000000076eb00000)
  from space 10752K, 0% used [0x000000076f580000,0x000000076f580000,0x0000000770000000)
  to   space 10752K, 0% used [0x000000076eb00000,0x000000076eb00000,0x000000076f580000)
 ParOldGen       total 175104K, used 0K [0x00000006c0000000, 0x00000006cab00000, 0x000000076ab00000)
  object space 175104K, 0% used [0x00000006c0000000,0x00000006c0000000,0x00000006cab00000)
 Metaspace       used 15161K, capacity 15386K, committed 15488K, reserved 1062912K
  class space    used 2040K, capacity 2149K, committed 2176K, reserved 1048576K
Event: 0.880 GC heap after
Heap after GC invocations=1 (full 0):
 PSYoungGen      total 76288K, used 9222K [0x000000076ab00000, 0x0000000770000000, 0x00000007c0000000)
  eden space 65536K, 0% used [0x000000076ab00000,0x000000076ab00000,0x000000076eb00000)
  from space 10752K, 85% used [0x000000076eb00000,0x000000076f401ae0,0x000000076f580000)
  to   space 10752K, 0% used [0x000000076f580000,0x000000076f580000,0x0000000770000000)
 ParOldGen       total 175104K, used 16K [0x00000006c0000000, 0x00000006cab00000, 0x000000076ab00000)
  object space 175104K, 0% used [0x00000006c0000000,0x00000006c0004000,0x00000006cab00000)
 Metaspace       used 15161K, capacity 15386K, committed 15488K, reserved 1062912K
  class space    used 2040K, capacity 2149K, committed 2176K, reserved 1048576K
}
Event: 1.472 GC heap before
{Heap before GC invocations=2 (full 0):
 PSYoungGen      total 76288K, used 42931K [0x000000076ab00000, 0x0000000770000000, 0x00000007c0000000)
  eden space 65536K, 51% used [0x000000076ab00000,0x000000076cbeb4e0,0x000000076eb00000)
  from space 10752K, 85% used [0x000000076eb00000,0x000000076f401ae0,0x000000076f580000)
  to   space 10752K, 0% used [0x000000076f580000,0x000000076f580000,0x0000000770000000)
 ParOldGen       total 175104K, used 16K [0x00000006c0000000, 0x00000006cab00000, 0x000000076ab00000)
  object space 175104K, 0% used [0x00000006c0000000,0x00000006c0004000,0x00000006cab00000)
 Metaspace       used 20398K, capacity 21114K, committed 21248K, reserved 1067008K
  class space    used 2774K, capacity 2999K, committed 3072K, reserved 1048576K
Event: 1.479 GC heap after
Heap after GC invocations=2 (full 0):
 PSYoungGen      total 76288K, used 8295K [0x000000076ab00000, 0x0000000774000000, 0x00000007c0000000)
  eden space 65536K, 0% used [0x000000076ab00000,0x000000076ab00000,0x000000076eb00000)
  from space 10752K, 77% used [0x000000076f580000,0x000000076fd99de0,0x0000000770000000)
  to   space 10752K, 0% used [0x000000076eb00000,0x000000076eb00000,0x000000076f580000)
 ParOldGen       total 175104K, used 24K [0x00000006c0000000, 0x00000006cab00000, 0x000000076ab00000)
  object space 175104K, 0% used [0x00000006c0000000,0x00000006c0006000,0x00000006cab00000)
 Metaspace       used 20398K, capacity 21114K, committed 21248K, reserved 1067008K
  class space    used 2774K, capacity 2999K, committed 3072K, reserved 1048576K
}
Event: 1.479 GC heap before
{Heap before GC invocations=3 (full 1):
 PSYoungGen      total 76288K, used 8295K [0x000000076ab00000, 0x0000000774000000, 0x00000007c0000000)
  eden space 65536K, 0% used [0x000000076ab00000,0x000000076ab00000,0x000000076eb00000)
  from space 10752K, 77% used [0x000000076f580000,0x000000076fd99de0,0x0000000770000000)
  to   space 10752K, 0% used [0x000000076eb00000,0x000000076eb00000,0x000000076f580000)
 ParOldGen       total 175104K, used 24K [0x00000006c0000000, 0x00000006cab00000, 0x000000076ab00000)
  object space 175104K, 0% used [0x00000006c0000000,0x00000006c0006000,0x00000006cab00000)
 Metaspace       used 20398K, capacity 21114K, committed 21248K, reserved 1067008K
  class space    used 2774K, capacity 2999K, committed 3072K, reserved 1048576K
Event: 1.501 GC heap after
Heap after GC invocations=3 (full 1):
 PSYoungGen      total 76288K, used 0K [0x000000076ab00000, 0x0000000774000000, 0x00000007c0000000)
  eden space 65536K, 0% used [0x000000076ab00000,0x000000076ab00000,0x000000076eb00000)
  from space 10752K, 0% used [0x000000076f580000,0x000000076f580000,0x0000000770000000)
  to   space 10752K, 0% used [0x000000076eb00000,0x000000076eb00000,0x000000076f580000)
 ParOldGen       total 112128K, used 7944K [0x00000006c0000000, 0x00000006c6d80000, 0x000000076ab00000)
  object space 112128K, 7% used [0x00000006c0000000,0x00000006c07c20e8,0x00000006c6d80000)
 Metaspace       used 20396K, capacity 21108K, committed 21248K, reserved 1067008K
  class space    used 2773K, capacity 2998K, committed 3072K, reserved 1048576K
}

Deoptimization events (10 events):
Event: 0.829 Thread 0x00007f7eab014000 Uncommon trap: reason=unstable_if action=reinterpret pc=0x0000000105345804 method=java.util.HashMap.putVal(ILjava/lang/Object;Ljava/lang/Object;ZZ)Ljava/lang/Object; @ 236
Event: 0.844 Thread 0x00007f7eab014000 Uncommon trap: reason=bimorphic action=maybe_recompile pc=0x00000001052deae4 method=java.net.URL.<init>(Ljava/net/URL;Ljava/lang/String;Ljava/net/URLStreamHandler;)V @ 504
Event: 0.867 Thread 0x00007f7eab014000 Uncommon trap: reason=class_check action=maybe_recompile pc=0x000000010542a0a4 method=java.util.HashSet.iterator()Ljava/util/Iterator; @ 4
Event: 0.871 Thread 0x00007f7eab014000 Uncommon trap: reason=class_check action=maybe_recompile pc=0x000000010542a0a4 method=java.util.HashSet.iterator()Ljava/util/Iterator; @ 4
Event: 0.884 Thread 0x00007f7eab014000 Uncommon trap: reason=class_check action=maybe_recompile pc=0x000000010542a0a4 method=java.util.HashSet.iterator()Ljava/util/Iterator; @ 4
Event: 0.930 Thread 0x00007f7eab014000 Uncommon trap: reason=class_check action=maybe_recompile pc=0x000000010542a0a4 method=java.util.HashSet.iterator()Ljava/util/Iterator; @ 4
Event: 1.070 Thread 0x00007f7eafbeb000 Uncommon trap: reason=bimorphic action=maybe_recompile pc=0x00000001052deae4 method=java.net.URL.<init>(Ljava/net/URL;Ljava/lang/String;Ljava/net/URLStreamHandler;)V @ 504
Event: 1.078 Thread 0x00007f7eabb11000 Uncommon trap: reason=unstable_if action=reinterpret pc=0x00000001053edfe8 method=java.lang.CharacterDataLatin1.digit(II)I @ 82
Event: 1.089 Thread 0x00007f7eabb11000 Uncommon trap: reason=unstable_if action=reinterpret pc=0x00000001053ee85c method=java.lang.CharacterDataLatin1.digit(II)I @ 82
Event: 1.461 Thread 0x00007f7eab014000 Uncommon trap: reason=unstable_if action=reinterpret pc=0x0000000105494d00 method=java.io.ByteArrayInputStream.read([BII)I @ 63

Classes redefined (0 events):
No events

Internal exceptions (10 events):
Event: 1.026 Thread 0x00007f7eab014000 Exception <a 'java/lang/IncompatibleClassChangeError': Found class java.lang.Object, but interface was expected> (0x000000076c06c590) thrown at [/private/tmp/openjdkA8-20211021-57451-c3c2py/jdk8u312-ga/hotspot/src/share/vm/interpreter/linkResolver.cpp, li
Event: 1.027 Thread 0x00007f7eab014000 Exception <a 'java/lang/NoSuchMethodError': java.lang.Object.lambda$or$2(Ljava/util/function/Predicate;Ljava/lang/Object;)Z> (0x000000076c0797e0) thrown at [/private/tmp/openjdkA8-20211021-57451-c3c2py/jdk8u312-ga/hotspot/src/share/vm/interpreter/linkReso
Event: 1.078 Thread 0x00007f7eabb11000 Exception <a 'java/net/ConnectException'> (0x000000076c5ab458) thrown at [/private/tmp/openjdkA8-20211021-57451-c3c2py/jdk8u312-ga/hotspot/src/share/vm/prims/jni.cpp, line 711]
Event: 1.090 Thread 0x00007f7eabb11000 Exception <a 'java/net/ConnectException'> (0x000000076c5ac970) thrown at [/private/tmp/openjdkA8-20211021-57451-c3c2py/jdk8u312-ga/hotspot/src/share/vm/prims/jni.cpp, line 711]
Event: 1.112 Thread 0x00007f7eabb11000 Exception <a 'java/net/ConnectException'> (0x000000076c5ade88) thrown at [/private/tmp/openjdkA8-20211021-57451-c3c2py/jdk8u312-ga/hotspot/src/share/vm/prims/jni.cpp, line 711]
Event: 1.156 Thread 0x00007f7eabb11000 Exception <a 'java/net/ConnectException'> (0x000000076c5af3a0) thrown at [/private/tmp/openjdkA8-20211021-57451-c3c2py/jdk8u312-ga/hotspot/src/share/vm/prims/jni.cpp, line 711]
Event: 1.237 Thread 0x00007f7eabb11000 Exception <a 'java/net/ConnectException'> (0x000000076c5b08b8) thrown at [/private/tmp/openjdkA8-20211021-57451-c3c2py/jdk8u312-ga/hotspot/src/share/vm/prims/jni.cpp, line 711]
Event: 1.427 Thread 0x00007f7eab014000 Exception <a 'java/lang/NoSuchMethodError': java.lang.Object.lambda$andThen$1(Ljava/util/function/Function;Ljava/lang/Object;)Ljava/lang/Object;> (0x000000076c72bb78) thrown at [/private/tmp/openjdkA8-20211021-57451-c3c2py/jdk8u312-ga/hotspot/src/share/vm
Event: 1.454 Thread 0x00007f7eab014000 Exception <a 'java/lang/NoSuchMethodError': java.lang.Object.lambda$chars$0()Ljava/util/Spliterator$OfInt;> (0x000000076c934768) thrown at [/private/tmp/openjdkA8-20211021-57451-c3c2py/jdk8u312-ga/hotspot/src/share/vm/interpreter/linkResolver.cpp, line 62
Event: 1.506 Thread 0x00007f7eab014000 Exception <a 'java/lang/NoSuchMethodError': java.lang.Object.lambda$negate$1(Ljava/lang/Object;)Z> (0x000000076ab5f088) thrown at [/private/tmp/openjdkA8-20211021-57451-c3c2py/jdk8u312-ga/hotspot/src/share/vm/interpreter/linkResolver.cpp, line 620]

Events (10 events):
Event: 1.701 loading class io/netty/util/Recycler$DefaultHandle
Event: 1.701 loading class io/netty/util/Recycler$DefaultHandle done
Event: 1.702 loading class io/netty/buffer/PoolChunk
Event: 1.702 loading class io/netty/buffer/PoolChunk done
Event: 1.702 loading class io/netty/buffer/PoolChunkMetric
Event: 1.702 loading class io/netty/buffer/PoolChunkMetric done
Event: 1.703 loading class io/netty/buffer/LongPriorityQueue
Event: 1.703 loading class io/netty/buffer/LongPriorityQueue done
Event: 1.703 loading class io/netty/buffer/LongLongHashMap
Event: 1.703 loading class io/netty/buffer/LongLongHashMap done


Dynamic libraries:
0x00007ff81fb55000 	/System/Library/Frameworks/Cocoa.framework/Versions/A/Cocoa
0x00007ff8087f5000 	/System/Library/Frameworks/AppKit.framework/Versions/C/AppKit
0x00007ff80ba52000 	/System/Library/Frameworks/CoreData.framework/Versions/A/CoreData
0x00007ff806161000 	/System/Library/Frameworks/Foundation.framework/Versions/C/Foundation
0x00007ff811fb6000 	/usr/lib/libSystem.B.dylib
0x00007ff809bfb000 	/System/Library/PrivateFrameworks/UIFoundation.framework/Versions/A/UIFoundation
0x00007ffb0ff33000 	/System/Library/PrivateFrameworks/CollectionViewCore.framework/Versions/A/CollectionViewCore
0x00007ff81948e000 	/System/Library/PrivateFrameworks/RemoteViewServices.framework/Versions/A/RemoteViewServices
0x00007ff80fd45000 	/System/Library/PrivateFrameworks/XCTTargetBootstrap.framework/Versions/A/XCTTargetBootstrap
0x00007ff81494a000 	/System/Library/PrivateFrameworks/InternationalSupport.framework/Versions/A/InternationalSupport
0x00007ff8149d3000 	/System/Library/PrivateFrameworks/UserActivity.framework/Versions/A/UserActivity
0x00007ffc1126f000 	/System/Library/PrivateFrameworks/WindowManagement.framework/Versions/A/WindowManagement
0x00007ff805e1a000 	/System/Library/Frameworks/SystemConfiguration.framework/Versions/A/SystemConfiguration
0x00007ff813d01000 	/usr/lib/libspindump.dylib
0x00007ff809dd7000 	/System/Library/Frameworks/UniformTypeIdentifiers.framework/Versions/A/UniformTypeIdentifiers
0x00007ff80dd8b000 	/usr/lib/libapp_launch_measurement.dylib
0x00007ff80cf03000 	/System/Library/PrivateFrameworks/CoreAnalytics.framework/Versions/A/CoreAnalytics
0x00007ff80dd8e000 	/System/Library/PrivateFrameworks/CoreAutoLayout.framework/Versions/A/CoreAutoLayout
0x00007ff80f5ba000 	/System/Library/Frameworks/Metal.framework/Versions/A/Metal
0x00007ff81050c000 	/usr/lib/liblangid.dylib
0x00007ff80fd4a000 	/System/Library/PrivateFrameworks/CoreSVG.framework/Versions/A/CoreSVG
0x00007ff80a78d000 	/System/Library/PrivateFrameworks/SkyLight.framework/Versions/A/SkyLight
0x00007ff80abe1000 	/System/Library/Frameworks/CoreGraphics.framework/Versions/A/CoreGraphics
0x00007ff819be3000 	/System/Library/Frameworks/Accelerate.framework/Versions/A/Accelerate
0x00007ff813b65000 	/System/Library/PrivateFrameworks/IconServices.framework/Versions/A/IconServices
0x00007ff80f59b000 	/System/Library/Frameworks/IOSurface.framework/Versions/A/IOSurface
0x00007ff80cf2f000 	/usr/lib/libDiagnosticMessagesClient.dylib
0x00007ff811ecb000 	/usr/lib/libz.1.dylib
0x00007ff81d55d000 	/System/Library/Frameworks/ApplicationServices.framework/Versions/A/ApplicationServices
0x00007ff80fd31000 	/System/Library/PrivateFrameworks/DFRFoundation.framework/Versions/A/DFRFoundation
0x00007ff8080b2000 	/usr/lib/libicucore.A.dylib
0x00007ff81591c000 	/System/Library/Frameworks/AudioToolbox.framework/Versions/A/AudioToolbox
0x00007ff814956000 	/System/Library/PrivateFrameworks/DataDetectorsCore.framework/Versions/A/DataDetectorsCore
0x00007ff90e29a000 	/System/Library/PrivateFrameworks/TextInput.framework/Versions/A/TextInput
0x00007ff80a6e7000 	/usr/lib/libMobileGestalt.dylib
0x00007ff80fa95000 	/System/Library/Frameworks/Carbon.framework/Versions/A/Frameworks/HIToolbox.framework/Versions/A/HIToolbox
0x00007ff80d6c6000 	/System/Library/Frameworks/QuartzCore.framework/Versions/A/QuartzCore
0x00007ff807d15000 	/System/Library/Frameworks/Security.framework/Versions/A/Security
0x00007ff8194c6000 	/System/Library/Frameworks/Carbon.framework/Versions/A/Frameworks/SpeechRecognition.framework/Versions/A/SpeechRecognition
0x00007ff80daba000 	/System/Library/PrivateFrameworks/CoreUI.framework/Versions/A/CoreUI
0x00007ff807607000 	/System/Library/Frameworks/CoreAudio.framework/Versions/A/CoreAudio
0x00007ff80d00f000 	/System/Library/Frameworks/DiskArbitration.framework/Versions/A/DiskArbitration
0x00007ff814137000 	/System/Library/PrivateFrameworks/MultitouchSupport.framework/Versions/A/MultitouchSupport
0x00007ff80a6e6000 	/usr/lib/libenergytrace.dylib
0x00007ff823edd000 	/System/Library/PrivateFrameworks/RenderBox.framework/Versions/A/RenderBox
0x00007ff8086ce000 	/System/Library/Frameworks/IOKit.framework/Versions/A/IOKit
0x00007ff8198de000 	/System/Library/Frameworks/CoreServices.framework/Versions/A/CoreServices
0x00007ff80dd22000 	/System/Library/PrivateFrameworks/PerformanceAnalysis.framework/Versions/A/PerformanceAnalysis
0x00007ffa2071b000 	/System/Library/Frameworks/OpenGL.framework/Versions/A/OpenGL
0x00007ff80ddd7000 	/usr/lib/libxml2.2.dylib
0x00007ff811305000 	/System/Library/PrivateFrameworks/MobileKeyBag.framework/Versions/A/MobileKeyBag
0x00007ff804d79000 	/usr/lib/libobjc.A.dylib
0x00007ff805071000 	/usr/lib/libc++.1.dylib
0x00007ff819855000 	/System/Library/Frameworks/Accessibility.framework/Versions/A/Accessibility
0x00007ff80b39a000 	/System/Library/Frameworks/ColorSync.framework/Versions/A/ColorSync
0x00007ff8051a9000 	/System/Library/Frameworks/CoreFoundation.framework/Versions/A/CoreFoundation
0x00007ff8100b2000 	/System/Library/Frameworks/CoreImage.framework/Versions/A/CoreImage
0x00007ff807402000 	/System/Library/Frameworks/CoreText.framework/Versions/A/CoreText
0x00007ffb06524000 	/System/Library/Frameworks/CoreTransferable.framework/Versions/A/CoreTransferable
0x00007ffb0696d000 	/System/Library/Frameworks/DeveloperToolsSupport.framework/Versions/A/DeveloperToolsSupport
0x00007ff80fd83000 	/System/Library/Frameworks/ImageIO.framework/Versions/A/ImageIO
0x00007ffb0af25000 	/System/Library/Frameworks/Symbols.framework/Versions/A/Symbols
0x00007ff811fbc000 	/System/Library/PrivateFrameworks/SoftLinking.framework/Versions/A/SoftLinking
0x00007ff815394000 	/usr/lib/swift/libswiftCore.dylib
0x00007ff90af63000 	/usr/lib/swift/libswiftCoreFoundation.dylib
0x00007ff908e93000 	/usr/lib/swift/libswiftCoreGraphics.dylib
0x00007ff90afa0000 	/usr/lib/swift/libswiftCoreImage.dylib
0x00007ff908e9a000 	/usr/lib/swift/libswiftDarwin.dylib
0x00007ff81b24d000 	/usr/lib/swift/libswiftDispatch.dylib
0x00007ff90afa1000 	/usr/lib/swift/libswiftIOKit.dylib
0x00007ff916f61000 	/usr/lib/swift/libswiftMetal.dylib
0x00007ff9239be000 	/usr/lib/swift/libswiftOSLog.dylib
0x00007ff81d9bf000 	/usr/lib/swift/libswiftObjectiveC.dylib
0x00007ff91ab66000 	/usr/lib/swift/libswiftQuartzCore.dylib
0x00007ff91ebd9000 	/usr/lib/swift/libswiftUniformTypeIdentifiers.dylib
0x00007ff90af73000 	/usr/lib/swift/libswiftXPC.dylib
0x00007ffc1997b000 	/usr/lib/swift/libswift_Concurrency.dylib
0x00007ff81d9c3000 	/usr/lib/swift/libswiftos.dylib
0x00007ff90e1fc000 	/usr/lib/swift/libswiftsimd.dylib
0x00007ff812154000 	/usr/lib/libcompression.dylib
0x00007ff81488a000 	/System/Library/PrivateFrameworks/TextureIO.framework/Versions/A/TextureIO
0x00007ff81380b000 	/usr/lib/libate.dylib
0x00007ff811fb0000 	/usr/lib/system/libcache.dylib
0x00007ff811f6b000 	/usr/lib/system/libcommonCrypto.dylib
0x00007ff811f94000 	/usr/lib/system/libcompiler_rt.dylib
0x00007ff811f8a000 	/usr/lib/system/libcopyfile.dylib
0x00007ff804eba000 	/usr/lib/system/libcorecrypto.dylib
0x00007ff804f9f000 	/usr/lib/system/libdispatch.dylib
0x00007ff805150000 	/usr/lib/system/libdyld.dylib
0x00007ff811fa6000 	/usr/lib/system/libkeymgr.dylib
0x00007ff811f47000 	/usr/lib/system/libmacho.dylib
0x00007ff8113df000 	/usr/lib/system/libquarantine.dylib
0x00007ff811fa4000 	/usr/lib/system/libremovefile.dylib
0x00007ff80a758000 	/usr/lib/system/libsystem_asl.dylib
0x00007ff804e58000 	/usr/lib/system/libsystem_blocks.dylib
0x00007ff804fe9000 	/usr/lib/system/libsystem_c.dylib
0x00007ff811f9c000 	/usr/lib/system/libsystem_collections.dylib
0x00007ff8104fd000 	/usr/lib/system/libsystem_configuration.dylib
0x00007ff80f572000 	/usr/lib/system/libsystem_containermanager.dylib
0x00007ff811ba4000 	/usr/lib/system/libsystem_coreservices.dylib
0x00007ff808348000 	/usr/lib/system/libsystem_darwin.dylib
0x00007ffc19c97000 	/usr/lib/system/libsystem_darwindirectory.dylib
0x00007ff811fa7000 	/usr/lib/system/libsystem_dnssd.dylib
0x00007ff804fe6000 	/usr/lib/system/libsystem_featureflags.dylib
0x00007ff80517e000 	/usr/lib/system/libsystem_info.dylib
0x00007ff811edf000 	/usr/lib/system/libsystem_m.dylib
0x00007ff804f66000 	/usr/lib/system/libsystem_malloc.dylib
0x00007ff80a6ce000 	/usr/lib/system/libsystem_networkextension.dylib
0x00007ff808791000 	/usr/lib/system/libsystem_notify.dylib
0x00007ff810501000 	/usr/lib/system/libsystem_sandbox.dylib
0x00007ff811fa1000 	/usr/lib/system/libsystem_secinit.dylib
0x00007ff805109000 	/usr/lib/system/libsystem_kernel.dylib
0x00007ff805174000 	/usr/lib/system/libsystem_platform.dylib
0x00007ff805144000 	/usr/lib/system/libsystem_pthread.dylib
0x00007ff80c2cf000 	/usr/lib/system/libsystem_symptoms.dylib
0x00007ff804ea0000 	/usr/lib/system/libsystem_trace.dylib
0x00007ff811f77000 	/usr/lib/system/libunwind.dylib
0x00007ff804e5c000 	/usr/lib/system/libxpc.dylib
0x00007ff8050f0000 	/usr/lib/libc++abi.dylib
0x00007ff811f82000 	/usr/lib/liboah.dylib
0x00007ff8135ba000 	/usr/lib/liblzma.5.dylib
0x00007ff811fb8000 	/usr/lib/libfakelink.dylib
0x00007ff80a321000 	/System/Library/Frameworks/CFNetwork.framework/Versions/A/CFNetwork
0x00007ff81200a000 	/usr/lib/libarchive.2.dylib
0x00007ff81773e000 	/System/Library/Frameworks/Combine.framework/Versions/A/Combine
0x00007ffb0ff48000 	/System/Library/PrivateFrameworks/CollectionsInternal.framework/Versions/A/CollectionsInternal
0x00007ffc051f9000 	/System/Library/PrivateFrameworks/ReflectionInternal.framework/Versions/A/ReflectionInternal
0x00007ffc057da000 	/System/Library/PrivateFrameworks/RuntimeInternal.framework/Versions/A/RuntimeInternal
0x00007ffc19ab6000 	/usr/lib/swift/libswift_StringProcessing.dylib
0x00007ff80864d000 	/System/Library/PrivateFrameworks/CoreServicesInternal.framework/Versions/A/CoreServicesInternal
0x00007ff811406000 	/usr/lib/libbsm.0.dylib
0x00007ff811f4f000 	/usr/lib/system/libkxld.dylib
0x00007ff80dd56000 	/System/Library/Frameworks/CoreServices.framework/Versions/A/Frameworks/FSEvents.framework/Versions/A/FSEvents
0x00007ff808353000 	/System/Library/Frameworks/CoreServices.framework/Versions/A/Frameworks/CarbonCore.framework/Versions/A/CarbonCore
0x00007ff80cf77000 	/System/Library/Frameworks/CoreServices.framework/Versions/A/Frameworks/Metadata.framework/Versions/A/Metadata
0x00007ff811baa000 	/System/Library/Frameworks/CoreServices.framework/Versions/A/Frameworks/OSServices.framework/Versions/A/OSServices
0x00007ff812093000 	/System/Library/Frameworks/CoreServices.framework/Versions/A/Frameworks/SearchKit.framework/Versions/A/SearchKit
0x00007ff80c255000 	/System/Library/Frameworks/CoreServices.framework/Versions/A/Frameworks/AE.framework/Versions/A/AE
0x00007ff805644000 	/System/Library/Frameworks/CoreServices.framework/Versions/A/Frameworks/LaunchServices.framework/Versions/A/LaunchServices
0x00007ff81356b000 	/System/Library/Frameworks/CoreServices.framework/Versions/A/Frameworks/DictionaryServices.framework/Versions/A/DictionaryServices
0x00007ff80dd63000 	/System/Library/Frameworks/CoreServices.framework/Versions/A/Frameworks/SharedFileList.framework/Versions/A/SharedFileList
0x00007ff81211d000 	/usr/lib/libapple_nghttp2.dylib
0x00007ff80bee5000 	/usr/lib/libsqlite3.dylib
0x00007ff80c2d7000 	/System/Library/Frameworks/Network.framework/Versions/A/Network
0x00007ffc1831b000 	/usr/lib/libCoreEntitlements.dylib
0x00007ffb20cef000 	/System/Library/PrivateFrameworks/MessageSecurity.framework/Versions/A/MessageSecurity
0x00007ff80becc000 	/System/Library/PrivateFrameworks/ProtocolBuffer.framework/Versions/A/ProtocolBuffer
0x00007ff811ac7000 	/System/Library/PrivateFrameworks/AppleFSCompression.framework/Versions/A/AppleFSCompression
0x00007ff8113ee000 	/usr/lib/libcoretls.dylib
0x00007ff8135d3000 	/usr/lib/libcoretls_cfhelpers.dylib
0x00007ff81214e000 	/usr/lib/libpam.2.dylib
0x00007ff81364b000 	/usr/lib/libxar.1.dylib
0x00007ff813b3e000 	/usr/lib/libheimdal-asn1.dylib
0x00007ff80a320000 	/usr/lib/libnetwork.dylib
0x00007ff811fbd000 	/usr/lib/libpcap.A.dylib
0x00007ff80c2c5000 	/usr/lib/libdns_services.dylib
0x00007ff810508000 	/System/Library/PrivateFrameworks/AppleSystemInfo.framework/Versions/A/AppleSystemInfo
0x00007ff811107000 	/System/Library/PrivateFrameworks/IOMobileFramebuffer.framework/Versions/A/IOMobileFramebuffer
0x00007ffc19a02000 	/usr/lib/swift/libswift_RegexParser.dylib
0x00007ff811b95000 	/usr/lib/libbz2.1.0.dylib
0x00007ff8113e2000 	/usr/lib/libCheckFix.dylib
0x00007ff80a76f000 	/System/Library/PrivateFrameworks/TCC.framework/Versions/A/TCC
0x00007ff81050e000 	/System/Library/PrivateFrameworks/CoreNLP.framework/Versions/A/CoreNLP
0x00007ff80cf31000 	/System/Library/PrivateFrameworks/MetadataUtilities.framework/Versions/A/MetadataUtilities
0x00007ff811416000 	/usr/lib/libmecab.dylib
0x00007ff805ea1000 	/usr/lib/libCRFSuite.dylib
0x00007ff81146f000 	/usr/lib/libgermantok.dylib
0x00007ff8120f9000 	/usr/lib/libThaiTokenizer.dylib
0x00007ff80d017000 	/System/Library/Frameworks/Accelerate.framework/Versions/A/Frameworks/vImage.framework/Versions/A/vImage
0x00007ff8198b1000 	/System/Library/Frameworks/Accelerate.framework/Versions/A/Frameworks/vecLib.framework/Versions/A/vecLib
0x00007ff81368d000 	/System/Library/Frameworks/Accelerate.framework/Versions/A/Frameworks/vecLib.framework/Versions/A/libvMisc.dylib
0x00007ff810ef7000 	/System/Library/Frameworks/Accelerate.framework/Versions/A/Frameworks/vecLib.framework/Versions/A/libvDSP.dylib
0x00007ff805a4a000 	/System/Library/Frameworks/Accelerate.framework/Versions/A/Frameworks/vecLib.framework/Versions/A/libBLAS.dylib
0x00007ff812234000 	/System/Library/Frameworks/Accelerate.framework/Versions/A/Frameworks/vecLib.framework/Versions/A/libLAPACK.dylib
0x00007ff811472000 	/System/Library/Frameworks/Accelerate.framework/Versions/A/Frameworks/vecLib.framework/Versions/A/libLinearAlgebra.dylib
0x00007ff812138000 	/System/Library/Frameworks/Accelerate.framework/Versions/A/Frameworks/vecLib.framework/Versions/A/libSparseBLAS.dylib
0x00007ff81222e000 	/System/Library/Frameworks/Accelerate.framework/Versions/A/Frameworks/vecLib.framework/Versions/A/libQuadrature.dylib
0x00007ff81061d000 	/System/Library/Frameworks/Accelerate.framework/Versions/A/Frameworks/vecLib.framework/Versions/A/libBNNS.dylib
0x00007ff805da2000 	/System/Library/Frameworks/Accelerate.framework/Versions/A/Frameworks/vecLib.framework/Versions/A/libSparse.dylib
0x00007ffb1f63d000 	/System/Library/PrivateFrameworks/MIL.framework/Versions/A/MIL
0x00007ff811ff2000 	/usr/lib/libiconv.2.dylib
0x00007ff811f43000 	/usr/lib/libcharset.1.dylib
0x00007ff80dd3a000 	/System/Library/Frameworks/OpenDirectory.framework/Versions/A/Frameworks/CFOpenDirectory.framework/Versions/A/CFOpenDirectory
0x00007ff80dd2e000 	/System/Library/Frameworks/OpenDirectory.framework/Versions/A/OpenDirectory
0x00007ff8135d5000 	/System/Library/PrivateFrameworks/APFS.framework/Versions/A/APFS
0x00007ff811328000 	/System/Library/Frameworks/SecurityFoundation.framework/Versions/A/SecurityFoundation
0x00007ff813659000 	/usr/lib/libutil.dylib
0x00007ffb1db0a000 	/System/Library/PrivateFrameworks/InstalledContentLibrary.framework/Versions/A/InstalledContentLibrary
0x00007ff80868e000 	/System/Library/PrivateFrameworks/CoreServicesStore.framework/Versions/A/CoreServicesStore
0x00007ffb0de7b000 	/System/Library/PrivateFrameworks/AppleMobileFileIntegrity.framework/Versions/A/AppleMobileFileIntegrity
0x00007ff90af43000 	/usr/lib/libmis.dylib
0x00007ff91b033000 	/System/Library/PrivateFrameworks/MobileSystemServices.framework/Versions/A/MobileSystemServices
0x00007ffa189ca000 	/System/Library/PrivateFrameworks/ConfigProfileHelper.framework/Versions/A/ConfigProfileHelper
0x00007ff8120fb000 	/System/Library/PrivateFrameworks/AppleSauce.framework/Versions/A/AppleSauce
0x00007ff806da0000 	/System/Library/PrivateFrameworks/LanguageModeling.framework/Versions/A/LanguageModeling
0x00007ff81365d000 	/usr/lib/libxslt.1.dylib
0x00007ff811ff9000 	/usr/lib/libcmph.dylib
0x00007ff8110d6000 	/System/Library/PrivateFrameworks/CoreEmoji.framework/Versions/A/CoreEmoji
0x00007ff810618000 	/System/Library/PrivateFrameworks/LinguisticData.framework/Versions/A/LinguisticData
0x00007ff805cbf000 	/System/Library/PrivateFrameworks/Lexicon.framework/Versions/A/Lexicon
0x00007ff8113b1000 	/System/Library/PrivateFrameworks/BackgroundTaskManagement.framework/Versions/A/BackgroundTaskManagement
0x00007ffc18497000 	/usr/lib/libTLE.dylib
0x00007ff813ff9000 	/System/Library/PrivateFrameworks/AppleJPEG.framework/Versions/A/AppleJPEG
0x00007ff813b23000 	/usr/lib/libexpat.1.dylib
0x00007ff8146e0000 	/System/Library/Frameworks/ImageIO.framework/Versions/A/Resources/libPng.dylib
0x00007ff81470d000 	/System/Library/Frameworks/ImageIO.framework/Versions/A/Resources/libTIFF.dylib
0x00007ff814802000 	/System/Library/Frameworks/ImageIO.framework/Versions/A/Resources/libGIF.dylib
0x00007ff814045000 	/System/Library/Frameworks/ImageIO.framework/Versions/A/Resources/libJP2.dylib
0x00007ff8147a1000 	/System/Library/Frameworks/ImageIO.framework/Versions/A/Resources/libJPEG.dylib
0x00007ff814798000 	/System/Library/Frameworks/ImageIO.framework/Versions/A/Resources/libRadiance.dylib
0x00007ff80f935000 	/System/Library/PrivateFrameworks/FontServices.framework/libFontParser.dylib
0x00007ff80c1f6000 	/System/Library/PrivateFrameworks/RunningBoardServices.framework/Versions/A/RunningBoardServices
0x00007ff8202c9000 	/System/Library/PrivateFrameworks/IOSurfaceAccelerator.framework/Versions/A/IOSurfaceAccelerator
0x00007ff814133000 	/System/Library/PrivateFrameworks/WatchdogClient.framework/Versions/A/WatchdogClient
0x00007ff806f69000 	/System/Library/Frameworks/CoreDisplay.framework/Versions/A/CoreDisplay
0x00007ff80f807000 	/System/Library/Frameworks/CoreMedia.framework/Versions/A/CoreMedia
0x00007ff80f5b1000 	/System/Library/PrivateFrameworks/IOAccelerator.framework/Versions/A/IOAccelerator
0x00007ff80deb6000 	/System/Library/Frameworks/CoreVideo.framework/Versions/A/CoreVideo
0x00007ff81214c000 	/System/Library/Frameworks/MetalPerformanceShaders.framework/Versions/A/MetalPerformanceShaders
0x00007ff814174000 	/System/Library/Frameworks/VideoToolbox.framework/Versions/A/VideoToolbox
0x00007ff80df42000 	/System/Library/PrivateFrameworks/UserManagement.framework/Versions/A/UserManagement
0x00007ff80c128000 	/System/Library/PrivateFrameworks/BaseBoard.framework/Versions/A/BaseBoard
0x00007ff810507000 	/System/Library/PrivateFrameworks/AggregateDictionary.framework/Versions/A/AggregateDictionary
0x00007ffb0ddff000 	/System/Library/PrivateFrameworks/AppleKeyStore.framework/Versions/A/AppleKeyStore
0x00007ff814791000 	/System/Library/PrivateFrameworks/GPUWrangler.framework/Versions/A/GPUWrangler
0x00007ff814775000 	/System/Library/PrivateFrameworks/IOPresentment.framework/Versions/A/IOPresentment
0x00007ff81479b000 	/System/Library/PrivateFrameworks/DSExternalDisplay.framework/Versions/A/DSExternalDisplay
0x00007ffb19b9c000 	/System/Library/PrivateFrameworks/GPUCompiler.framework/Versions/32023/Libraries/libllvm-flatbuffers.dylib
0x00007ffa2070f000 	/System/Library/Frameworks/OpenGL.framework/Versions/A/Libraries/libCoreFSCache.dylib
0x00007ffb1671c000 	/System/Library/PrivateFrameworks/GPUCompiler.framework/Versions/32023/Libraries/libGPUCompilerUtils.dylib
0x00007ff814808000 	/System/Library/PrivateFrameworks/CMCaptureCore.framework/Versions/A/CMCaptureCore
0x00007ffb06a4f000 	/System/Library/Frameworks/ExtensionFoundation.framework/Versions/A/ExtensionFoundation
0x00007ff81ba74000 	/System/Library/PrivateFrameworks/CoreTime.framework/Versions/A/CoreTime
0x00007ff813ceb000 	/System/Library/PrivateFrameworks/AppServerSupport.framework/Versions/A/AppServerSupport
0x00007ff81626c000 	/System/Library/PrivateFrameworks/perfdata.framework/Versions/A/perfdata
0x00007ff807095000 	/System/Library/PrivateFrameworks/AudioToolboxCore.framework/Versions/A/AudioToolboxCore
0x00007ff80f7e1000 	/System/Library/PrivateFrameworks/caulk.framework/Versions/A/caulk
0x00007ff815b0a000 	/usr/lib/libAudioStatistics.dylib
0x00007ff90a33c000 	/System/Library/PrivateFrameworks/SystemPolicy.framework/Versions/A/SystemPolicy
0x00007ff815dd6000 	/usr/lib/libSMC.dylib
0x00007ff81f9b9000 	/System/Library/Frameworks/CoreMIDI.framework/Versions/A/CoreMIDI
0x00007ff8146a7000 	/usr/lib/libAudioToolboxUtility.dylib
0x00007ff905da3000 	/System/Library/PrivateFrameworks/OSAServicesClient.framework/Versions/A/OSAServicesClient
0x00007ff816279000 	/usr/lib/libperfcheck.dylib
0x00007ff813a04000 	/System/Library/PrivateFrameworks/PlugInKit.framework/Versions/A/PlugInKit
0x00007ff81131b000 	/System/Library/PrivateFrameworks/AssertionServices.framework/Versions/A/AssertionServices
0x00007ffa07af8000 	/System/Library/PrivateFrameworks/Symbolication.framework/Versions/A/Symbolication
0x00007ffb242c0000 	/System/Library/PrivateFrameworks/PhotosensitivityProcessing.framework/Versions/A/PhotosensitivityProcessing
0x00007ffa21d1b000 	/System/Library/Frameworks/OpenCL.framework/Versions/A/OpenCL
0x00007ff813c96000 	/System/Library/PrivateFrameworks/GraphVisualizer.framework/Versions/A/GraphVisualizer
0x00007ffa2076c000 	/System/Library/Frameworks/OpenGL.framework/Versions/A/Libraries/libGLU.dylib
0x00007ffa2072e000 	/System/Library/Frameworks/OpenGL.framework/Versions/A/Libraries/libGFXShared.dylib
0x00007ffa2092b000 	/System/Library/Frameworks/OpenGL.framework/Versions/A/Libraries/libGL.dylib
0x00007ffa20736000 	/System/Library/Frameworks/OpenGL.framework/Versions/A/Libraries/libGLImage.dylib
0x00007ffa2072b000 	/System/Library/Frameworks/OpenGL.framework/Versions/A/Libraries/libCVMSPluginSupport.dylib
0x00007ffc18451000 	/usr/lib/libRosetta.dylib
0x00007ffa20716000 	/System/Library/Frameworks/OpenGL.framework/Versions/A/Libraries/libCoreVMClient.dylib
0x00007ffb1485a000 	/System/Library/PrivateFrameworks/FontServices.framework/Versions/A/FontServices
0x00007ff813ca5000 	/System/Library/PrivateFrameworks/OTSVG.framework/Versions/A/OTSVG
0x00007ff80da6e000 	/System/Library/Frameworks/ApplicationServices.framework/Versions/A/Frameworks/ATS.framework/Versions/A/Resources/libFontRegistry.dylib
0x00007ff813cf5000 	/System/Library/PrivateFrameworks/FontServices.framework/libhvf.dylib
0x00007ffb1485b000 	/System/Library/PrivateFrameworks/FontServices.framework/libXTFontStaticRegistryData.dylib
0x00007ff81047c000 	/System/Library/Frameworks/MetalPerformanceShaders.framework/Versions/A/Frameworks/MPSCore.framework/Versions/A/MPSCore
0x00007ff811a2d000 	/System/Library/Frameworks/MetalPerformanceShaders.framework/Versions/A/Frameworks/MPSImage.framework/Versions/A/MPSImage
0x00007ff811488000 	/System/Library/Frameworks/MetalPerformanceShaders.framework/Versions/A/Frameworks/MPSNeuralNetwork.framework/Versions/A/MPSNeuralNetwork
0x00007ff811901000 	/System/Library/Frameworks/MetalPerformanceShaders.framework/Versions/A/Frameworks/MPSMatrix.framework/Versions/A/MPSMatrix
0x00007ff8116b4000 	/System/Library/Frameworks/MetalPerformanceShaders.framework/Versions/A/Frameworks/MPSRayIntersector.framework/Versions/A/MPSRayIntersector
0x00007ff81193c000 	/System/Library/Frameworks/MetalPerformanceShaders.framework/Versions/A/Frameworks/MPSNDArray.framework/Versions/A/MPSNDArray
0x00007ffb08713000 	/System/Library/Frameworks/MetalPerformanceShaders.framework/Versions/A/Frameworks/MPSFunctions.framework/Versions/A/MPSFunctions
0x00007ffb086f5000 	/System/Library/Frameworks/MetalPerformanceShaders.framework/Versions/A/Frameworks/MPSBenchmarkLoop.framework/Versions/A/MPSBenchmarkLoop
0x00007ff8058fa000 	/System/Library/PrivateFrameworks/MetalTools.framework/Versions/A/MetalTools
0x00007ff90f536000 	/System/Library/PrivateFrameworks/IOAccelMemoryInfo.framework/Versions/A/IOAccelMemoryInfo
0x00007ff91af45000 	/System/Library/PrivateFrameworks/kperf.framework/Versions/A/kperf
0x00007ff90af56000 	/System/Library/PrivateFrameworks/GPURawCounter.framework/Versions/A/GPURawCounter
0x00007ff81b968000 	/System/Library/PrivateFrameworks/CoreSymbolication.framework/Versions/A/CoreSymbolication
0x00007ff90af14000 	/System/Library/PrivateFrameworks/MallocStackLogging.framework/Versions/A/MallocStackLogging
0x00007ff8138ab000 	/System/Library/PrivateFrameworks/CrashReporterSupport.framework/Versions/A/CrashReporterSupport
0x00007ff81b929000 	/System/Library/PrivateFrameworks/DebugSymbols.framework/Versions/A/DebugSymbols
0x00007ff91a278000 	/System/Library/PrivateFrameworks/OSAnalytics.framework/Versions/A/OSAnalytics
0x00007ffc0f9c3000 	/System/Library/PrivateFrameworks/VideoToolboxParavirtualizationSupport.framework/Versions/A/VideoToolboxParavirtualizationSupport
0x00007ff813ad3000 	/System/Library/PrivateFrameworks/AppleVA.framework/Versions/A/AppleVA
0x00007ff815b4e000 	/System/Library/Frameworks/ApplicationServices.framework/Versions/A/Frameworks/ATS.framework/Versions/A/ATS
0x00007ff80b547000 	/System/Library/Frameworks/ApplicationServices.framework/Versions/A/Frameworks/HIServices.framework/Versions/A/HIServices
0x00007ff814816000 	/System/Library/Frameworks/ApplicationServices.framework/Versions/A/Frameworks/PrintCore.framework/Versions/A/PrintCore
0x00007ff815f2c000 	/System/Library/Frameworks/ApplicationServices.framework/Versions/A/Frameworks/QD.framework/Versions/A/QD
0x00007ff815f24000 	/System/Library/Frameworks/ApplicationServices.framework/Versions/A/Frameworks/ColorSyncLegacy.framework/Versions/A/ColorSyncLegacy
0x00007ff815b22000 	/System/Library/Frameworks/ApplicationServices.framework/Versions/A/Frameworks/SpeechSynthesis.framework/Versions/A/SpeechSynthesis
0x00007ff8147d2000 	/System/Library/Frameworks/ApplicationServices.framework/Versions/A/Frameworks/ATSUI.framework/Versions/A/ATSUI
0x00007ff815eb6000 	/usr/lib/libcups.2.dylib
0x00007ff816288000 	/System/Library/Frameworks/Kerberos.framework/Versions/A/Kerberos
0x00007ff816297000 	/System/Library/Frameworks/GSS.framework/Versions/A/GSS
0x00007ff815bc7000 	/usr/lib/libresolv.9.dylib
0x00007ff813d07000 	/System/Library/PrivateFrameworks/Heimdal.framework/Versions/A/Heimdal
0x00007ff81d92c000 	/System/Library/Frameworks/Kerberos.framework/Versions/A/Libraries/libHeimdalProxy.dylib
0x00007ff8162e4000 	/System/Library/PrivateFrameworks/CommonAuth.framework/Versions/A/CommonAuth
0x00007ffb05945000 	/System/Library/Frameworks/AVFAudio.framework/Versions/A/AVFAudio
0x00007ff905dec000 	/System/Library/PrivateFrameworks/AXCoreUtilities.framework/Versions/A/AXCoreUtilities
0x00007ff815a92000 	/System/Library/PrivateFrameworks/AudioSession.framework/Versions/A/AudioSession
0x00007ff817506000 	/System/Library/Frameworks/IOBluetooth.framework/Versions/A/IOBluetooth
0x00007ff813be2000 	/System/Library/PrivateFrameworks/MediaExperience.framework/Versions/A/MediaExperience
0x00007ff8158e7000 	/System/Library/PrivateFrameworks/AudioSession.framework/libSessionUtility.dylib
0x00007ff815f38000 	/System/Library/PrivateFrameworks/AudioResourceArbitration.framework/Versions/A/AudioResourceArbitration
0x00007ff81a5ea000 	/System/Library/PrivateFrameworks/PowerLog.framework/Versions/A/PowerLog
0x00007ff81a50b000 	/System/Library/Frameworks/CoreBluetooth.framework/Versions/A/CoreBluetooth
0x00007ff81d92d000 	/System/Library/Frameworks/AudioUnit.framework/Versions/A/AudioUnit
0x00007ff81118f000 	/System/Library/PrivateFrameworks/CoreUtils.framework/Versions/A/CoreUtils
0x00007ffb1302f000 	/System/Library/PrivateFrameworks/CoreUtilsExtras.framework/Versions/A/CoreUtilsExtras
0x00007ffb1d997000 	/System/Library/PrivateFrameworks/IO80211.framework/Versions/A/IO80211
0x00007ff905e03000 	/usr/lib/libAccessibility.dylib
0x00007ff819c2b000 	/System/Library/Frameworks/MediaAccessibility.framework/Versions/A/MediaAccessibility
0x00007ff81b488000 	/System/Library/PrivateFrameworks/FrontBoardServices.framework/Versions/A/FrontBoardServices
0x00007ff81cf25000 	/System/Library/PrivateFrameworks/BackBoardServices.framework/Versions/A/BackBoardServices
0x00007ff81b544000 	/System/Library/PrivateFrameworks/BoardServices.framework/Versions/A/BoardServices
0x00007ff813b47000 	/System/Library/PrivateFrameworks/IconFoundation.framework/Versions/A/IconFoundation
0x00007ff8194b6000 	/System/Library/PrivateFrameworks/SpeechRecognitionCore.framework/Versions/A/SpeechRecognitionCore
0x00007ffa0b26d000 	/System/Library/Frameworks/OSLog.framework/Versions/A/OSLog
0x00007ff90aea1000 	/System/Library/PrivateFrameworks/LoggingSupport.framework/Versions/A/LoggingSupport
0x00000001046ac000 	/usr/local/Cellar/openjdk@8/1.8.0+312/libexec/openjdk.jdk/Contents/Home/jre/lib/server/libjvm.dylib
0x000000010380d000 	/usr/local/Cellar/openjdk@8/1.8.0+312/libexec/openjdk.jdk/Contents/Home/jre/lib/libverify.dylib
0x000000010384f000 	/usr/local/Cellar/openjdk@8/1.8.0+312/libexec/openjdk.jdk/Contents/Home/jre/lib/libjava.dylib
0x000000010382f000 	/usr/local/Cellar/openjdk@8/1.8.0+312/libexec/openjdk.jdk/Contents/Home/jre/lib/libzip.dylib
0x000000011f7e2000 	/usr/local/Cellar/openjdk@8/1.8.0+312/libexec/openjdk.jdk/Contents/Home/jre/lib/libnio.dylib
0x000000011f814000 	/usr/local/Cellar/openjdk@8/1.8.0+312/libexec/openjdk.jdk/Contents/Home/jre/lib/libnet.dylib
0x000000011fe56000 	/usr/local/Cellar/openjdk@8/1.8.0+312/libexec/openjdk.jdk/Contents/Home/jre/lib/libsunec.dylib
0x000000012048e000 	/usr/local/Cellar/openjdk@8/1.8.0+312/libexec/openjdk.jdk/Contents/Home/jre/lib/libmanagement.dylib
0x00007ff815331000 	/usr/lib/libusrtcp.dylib
0x00007ff80a24c000 	/usr/lib/libboringssl.dylib

VM Arguments:
jvm_args: -ea -Dfile.encoding=UTF-8 
java_command: org.eclipse.jdt.internal.junit.runner.RemoteTestRunner -version 3 -port 63878 -testLoaderClass org.eclipse.jdt.internal.junit4.runner.JUnit4TestLoader -loaderpluginname org.eclipse.jdt.junit4.runtime -classNames com.qa.runner.TestRunner
java_class_path (initial): /Users/rajeshwarimahadevan/eclipse-workspace/SeleniumUIJava/target/test-classes:/Users/rajeshwarimahadevan/eclipse-workspace/SeleniumUIJava/target/classes:/Users/rajeshwarimahadevan/.m2/repository/info/cukes/cucumber-java/1.2.5/cucumber-java-1.2.5.jar:/Users/rajeshwarimahadevan/.m2/repository/info/cukes/cucumber-core/1.2.5/cucumber-core-1.2.5.jar:/Users/rajeshwarimahadevan/.m2/repository/info/cukes/cucumber-html/0.2.3/cucumber-html-0.2.3.jar:/Users/rajeshwarimahadevan/.m2/repository/info/cukes/cucumber-junit/1.2.5/cucumber-junit-1.2.5.jar:/Users/rajeshwarimahadevan/.m2/repository/info/cukes/cucumber-jvm-deps/1.0.5/cucumber-jvm-deps-1.0.5.jar:/Users/rajeshwarimahadevan/.m2/repository/net/masterthought/cucumber-reporting/5.0.2/cucumber-reporting-5.0.2.jar:/Users/rajeshwarimahadevan/.m2/repository/com/fasterxml/jackson/core/jackson-databind/2.10.1/jackson-databind-2.10.1.jar:/Users/rajeshwarimahadevan/.m2/repository/com/fasterxml/jackson/core/jackson-annotations/2.10.1/jackson-annotations-2.10.1.jar:/Users/rajeshwarimahadevan/.m2/repository/com/fasterxml/jackson/core/jackson-core/2.10.1/jackson-core-2.10.1.jar:/Users/rajeshwarimahadevan/.m2/repository/com/fasterxml/jackson/datatype/jackson-datatype-jsr310/2.10.1/jackson-datatype-jsr310-2.10.1.jar:/Users/rajeshwarimahadevan/.m2/repository/org/apache/velocity/velocity-engine-core/2.1/velocity-engine-core-2.1.jar:/Users/rajeshwarimahadevan/.m2/repository/org/slf4j/slf4j-api/1.7.26/slf4j-api-1.7.26.jar:/Users/rajeshwarimahadevan/.m2/repository/commons-collections/commons-collections/3.2.2/commons-collections-3.2.2.jar:/Users/rajeshwarimahadevan/.m2/repository/joda-time/joda-time/2.10.5/joda-time-2.10.5.jar:/Users/rajeshwarimahadevan/.m2/repository/org/apache/commons/commons-lang3/3.9/commons-lang3-3.9.jar:/Users/rajeshwarimahadevan/.m2/repository/commons-io/commons-io/2.6/commons-io-2.6.jar:/Users/rajeshwarimahadevan/.m2/repository/org/codehaus/plexus/plexus-utils/3.3.0/plexus-utils-3.3.0.jar:/
Launcher Type: SUN_STANDARD

Environment Variables:
PATH=/usr/bin:/bin:/usr/sbin:/sbin
SHELL=/bin/zsh

Signal Handlers:
SIGSEGV: [libjvm.dylib+0x58ed85], sa_mask[0]=11111111011111110111111111111111, sa_flags=SA_ONSTACK|SA_RESTART|SA_SIGINFO
SIGBUS: [libjvm.dylib+0x58ed85], sa_mask[0]=11111111011111110111111111111111, sa_flags=SA_RESTART|SA_SIGINFO
SIGFPE: [libjvm.dylib+0x48a293], sa_mask[0]=11111111011111110111111111111111, sa_flags=SA_RESTART|SA_SIGINFO
SIGPIPE: [libjvm.dylib+0x48a293], sa_mask[0]=11111111011111110111111111111111, sa_flags=SA_RESTART|SA_SIGINFO
SIGXFSZ: [libjvm.dylib+0x48a293], sa_mask[0]=11111111011111110111111111111111, sa_flags=SA_RESTART|SA_SIGINFO
SIGILL: [libjvm.dylib+0x48a293], sa_mask[0]=11111111011111110111111111111111, sa_flags=SA_RESTART|SA_SIGINFO
SIGUSR1: SIG_DFL, sa_mask[0]=00000000000000000000000000000000, sa_flags=none
SIGUSR2: [libjvm.dylib+0x48ab69], sa_mask[0]=00100000000000000000000000000000, sa_flags=SA_RESTART|SA_SIGINFO
SIGHUP: [libjvm.dylib+0x488d59], sa_mask[0]=11111111011111110111111111111111, sa_flags=SA_RESTART|SA_SIGINFO
SIGINT: [libjvm.dylib+0x488d59], sa_mask[0]=11111111011111110111111111111111, sa_flags=SA_RESTART|SA_SIGINFO
SIGTERM: [libjvm.dylib+0x488d59], sa_mask[0]=11111111011111110111111111111111, sa_flags=SA_RESTART|SA_SIGINFO
SIGQUIT: [libjvm.dylib+0x488d59], sa_mask[0]=11111111011111110111111111111111, sa_flags=SA_RESTART|SA_SIGINFO


---------------  S Y S T E M  ---------------

OS:Bsduname:Darwin 23.1.0 Darwin Kernel Version 23.1.0: Mon Oct  9 21:27:27 PDT 2023; root:xnu-10002.41.9~6/RELEASE_X86_64 x86_64
rlimit: STACK 8192k, CORE 0k, NPROC 2784, NOFILE 10240, AS infinity
load average:1.60 1.96 2.50

CPU:total 8 (initial active 8) (4 cores per cpu, 2 threads per core) family 6 model 142 stepping 10, cmov, cx8, fxsr, mmx, sse, sse2, sse3, ssse3, sse4.1, sse4.2, popcnt, avx, avx2, aes, clmul, erms, 3dnowpref, lzcnt, ht, tsc, tscinvbit, bmi1, bmi2, adx

Memory: 4k page, physical 16777216k(669692k free)

/proc/meminfo:


vm_info: OpenJDK 64-Bit Server VM (25.312-b00) for bsd-amd64 JRE (1.8.0_312-bre_2021_10_21_00_49-b00), built on Oct 21 2021 00:55:02 by "brew" with gcc Apple LLVM 12.0.0 (clang-1200.0.32.29)

time: Fri Feb  9 14:41:54 2024
timezone: EST
elapsed time: 1.718564 seconds (0d 0h 0m 1s)

